[2025-05-22 20:17:07,112] INFO django.utils.autoreload: Watching for file changes with StatReloader
[2025-05-22 20:17:09,445] WARNING django.request: Unauthorized: /api/watchlist/1/
[2025-05-22 20:19:20,149] WARNING django.request: Bad Request: /api/companies/
[2025-05-22 20:20:54,482] WARNING django.request: Bad Request: /api/watchlist/
[2025-05-22 20:22:18,107] WARNING django.request: Bad Request: /api/watchlist/
[2025-05-22 20:23:11,534] INFO django.utils.autoreload: F:\01 TASKS\01 FingradTradebrain\traders-portal\core\views.py changed, reloading.
[2025-05-22 20:23:13,986] INFO django.utils.autoreload: Watching for file changes with StatReloader
[2025-05-22 20:23:42,378] WARNING django.request: Bad Request: /api/watchlist/
[2025-05-22 20:24:22,176] WARNING django.request: Bad Request: /api/watchlist/
[2025-05-22 20:25:12,018] WARNING django.request: Bad Request: /api/watchlist/
[2025-05-22 20:26:12,459] WARNING django.request: Bad Request: /api/companies/
[2025-05-22 20:32:10,847] INFO django.utils.autoreload: F:\01 TASKS\01 FingradTradebrain\traders-portal\core\views.py changed, reloading.
[2025-05-22 20:32:15,168] INFO django.utils.autoreload: Watching for file changes with StatReloader
[2025-05-22 20:34:54,778] INFO django.utils.autoreload: F:\01 TASKS\01 FingradTradebrain\traders-portal\traders_portal\settings.py changed, reloading.
[2025-05-22 20:53:39,751] INFO django.utils.autoreload: Watching for file changes with StatReloader
[2025-05-22 20:57:19,393] INFO django.utils.autoreload: F:\01 TASKS\01 FingradTradebrain\traders-portal\core\views.py changed, reloading.
[2025-05-22 20:57:21,674] INFO django.utils.autoreload: Watching for file changes with StatReloader
[2025-05-22 20:57:42,808] INFO django.utils.autoreload: F:\01 TASKS\01 FingradTradebrain\traders-portal\core\views.py changed, reloading.
[2025-05-22 20:57:44,902] INFO django.utils.autoreload: Watching for file changes with StatReloader
[2025-05-22 20:57:57,868] INFO django.utils.autoreload: F:\01 TASKS\01 FingradTradebrain\traders-portal\core\urls.py changed, reloading.
[2025-05-22 20:57:59,584] INFO django.utils.autoreload: Watching for file changes with StatReloader
[2025-05-22 20:58:11,237] INFO django.utils.autoreload: F:\01 TASKS\01 FingradTradebrain\traders-portal\core\urls.py changed, reloading.
[2025-05-22 20:58:12,774] INFO django.utils.autoreload: Watching for file changes with StatReloader
[2025-05-22 20:58:14,536] INFO django.utils.autoreload: F:\01 TASKS\01 FingradTradebrain\traders-portal\core\urls.py changed, reloading.
[2025-05-22 20:58:16,145] INFO django.utils.autoreload: Watching for file changes with StatReloader
[2025-05-22 20:58:24,160] INFO django.utils.autoreload: Watching for file changes with StatReloader
[2025-05-22 20:58:55,251] INFO django.utils.autoreload: F:\01 TASKS\01 FingradTradebrain\traders-portal\core\views.py changed, reloading.
[2025-05-22 20:58:57,476] INFO django.utils.autoreload: Watching for file changes with StatReloader
